============================= test session starts ==============================
platform darwin -- Python 3.13.7, pytest-8.4.2, pluggy-1.6.0 -- /Users/gabe/Sites/glassalpha/packages/venv/bin/python
cachedir: .pytest_cache
rootdir: /Users/gabe/Sites/glassalpha/packages
configfile: pyproject.toml
testpaths: tests
plugins: asyncio-1.2.0, cov-7.0.0
asyncio: mode=Mode.STRICT, debug=False, asyncio_default_fixture_loop_scope=None, asyncio_default_test_loop_scope=function
collecting ... collected 1001 items

tests/_utils/test_source_loader.py::test_get_module_source_with_inspect PASSED [  0%]
tests/_utils/test_source_loader.py::test_get_module_source_with_fallback PASSED [  0%]
tests/_utils/test_source_loader.py::test_get_module_source_no_fallback_fails PASSED [  0%]
tests/_utils/test_source_loader.py::test_get_module_source_glassalpha_pipeline PASSED [  0%]
tests/cli/test_defaults.py::TestInferConfigPath::test_finds_glassalpha_yaml_first PASSED [  0%]
tests/cli/test_defaults.py::TestInferConfigPath::test_finds_audit_yaml_second PASSED [  0%]
tests/cli/test_defaults.py::TestInferConfigPath::test_finds_config_yaml_third PASSED [  0%]
tests/cli/test_defaults.py::TestInferConfigPath::test_finds_hidden_glassalpha_yaml_last PASSED [  0%]
tests/cli/test_defaults.py::TestInferConfigPath::test_returns_none_if_no_config_found PASSED [  0%]
tests/cli/test_defaults.py::TestInferOutputPath::test_replaces_yaml_with_html PASSED [  0%]
tests/cli/test_defaults.py::TestInferOutputPath::test_replaces_yml_with_html PASSED [  1%]
tests/cli/test_defaults.py::TestInferOutputPath::test_preserves_directory_structure PASSED [  1%]
tests/cli/test_defaults.py::TestInferOutputPath::test_handles_no_extension PASSED [  1%]
tests/cli/test_defaults.py::TestShouldEnableStrictMode::test_enabled_for_production_filename PASSED [  1%]
tests/cli/test_defaults.py::TestShouldEnableStrictMode::test_enabled_for_prod_filename PASSED [  1%]
tests/cli/test_defaults.py::TestShouldEnableStrictMode::test_enabled_for_strict_filename PASSED [  1%]
tests/cli/test_defaults.py::TestShouldEnableStrictMode::test_case_insensitive PASSED [  1%]
tests/cli/test_defaults.py::TestShouldEnableStrictMode::test_disabled_for_normal_filename PASSED [  1%]
tests/cli/test_defaults.py::TestShouldEnableStrictMode::test_enabled_by_environment_variable PASSED [  1%]
tests/cli/test_defaults.py::TestShouldEnableStrictMode::test_environment_variable_true PASSED [  1%]
tests/cli/test_defaults.py::TestShouldEnableReproMode::test_enabled_for_test_filename PASSED [  2%]
tests/cli/test_defaults.py::TestShouldEnableReproMode::test_enabled_for_ci_filename PASSED [  2%]
tests/cli/test_defaults.py::TestShouldEnableReproMode::test_enabled_in_ci_environment PASSED [  2%]
tests/cli/test_defaults.py::TestShouldEnableReproMode::test_enabled_by_environment_variable PASSED [  2%]
tests/cli/test_defaults.py::TestShouldEnableReproMode::test_disabled_for_normal_filename PASSED [  2%]
tests/cli/test_defaults.py::TestGetSmartDefaults::test_uses_explicit_values_when_provided PASSED [  2%]
tests/cli/test_defaults.py::TestGetSmartDefaults::test_infers_all_defaults PASSED [  2%]
tests/cli/test_defaults.py::TestGetSmartDefaults::test_infers_output_from_config PASSED [  2%]
tests/cli/test_defaults.py::TestGetSmartDefaults::test_enables_strict_for_production_config PASSED [  2%]
tests/cli/test_defaults.py::TestGetSmartDefaults::test_enables_repro_for_test_config PASSED [  2%]
tests/cli/test_defaults.py::TestGetSmartDefaults::test_raises_if_no_config_found PASSED [  3%]
tests/cli/test_defaults.py::TestGetSmartDefaults::test_mixed_explicit_and_inferred PASSED [  3%]
tests/cli/test_json_error.py::TestJSONErrorOutput::test_format_error_basic PASSED [  3%]
tests/cli/test_json_error.py::TestJSONErrorOutput::test_format_error_with_details PASSED [  3%]
tests/cli/test_json_error.py::TestJSONErrorOutput::test_output_error PASSED [  3%]
tests/cli/test_json_error.py::TestJSONErrorOutput::test_format_validation_errors PASSED [  3%]
tests/cli/test_json_error.py::TestJSONErrorOutput::test_format_success PASSED [  3%]
tests/cli/test_json_error.py::TestJSONErrorOutput::test_output_success PASSED [  3%]
tests/cli/test_json_error.py::TestJSONErrorHandler::test_json_error_handler PASSED [  3%]
tests/cli/test_json_error.py::TestShouldUseJSONOutput::test_explicit_flag PASSED [  3%]
tests/cli/test_json_error.py::TestShouldUseJSONOutput::test_explicit_flag_true PASSED [  4%]
tests/cli/test_json_error.py::TestShouldUseJSONOutput::test_github_actions PASSED [  4%]
tests/cli/test_json_error.py::TestShouldUseJSONOutput::test_gitlab_ci PASSED [  4%]
tests/cli/test_json_error.py::TestShouldUseJSONOutput::test_circleci PASSED [  4%]
tests/cli/test_json_error.py::TestShouldUseJSONOutput::test_jenkins PASSED [  4%]
tests/cli/test_json_error.py::TestShouldUseJSONOutput::test_travis PASSED [  4%]
tests/cli/test_json_error.py::TestShouldUseJSONOutput::test_no_ci PASSED [  4%]
tests/contracts/test_contracts_smoke.py::test_init_logging_exact PASSED  [  4%]
tests/contracts/test_contracts_smoke.py::test_standard_template_packaged PASSED [  4%]
tests/contracts/test_contracts_smoke.py::test_lr_roundtrip PASSED        [  4%]
tests/contracts/test_contracts_smoke.py::test_manifest_tracks_model PASSED [  5%]
tests/contracts/test_contracts_smoke.py::test_wheel_contains_all_contracts PASSED [  5%]
tests/contracts/test_explainer_selection.py::TestExplainerSelection::test_no_compatible_explainer_raises_exact_error PASSED [  5%]
tests/contracts/test_explainer_selection.py::TestExplainerSelection::test_xgboost_has_compatible_explainer PASSED [  5%]
tests/contracts/test_explainer_selection.py::TestExplainerSelection::test_sklearn_models_have_compatible_explainers PASSED [  5%]
tests/contracts/test_explainer_selection.py::TestExplainerSelection::test_kernel_shap_supports_tree_models PASSED [  5%]
tests/contracts/test_explainer_selection.py::TestExplainerSelection::test_tree_shap_supports_tree_models PASSED [  5%]
tests/contracts/test_explainer_selection.py::TestExplainerSelection::test_explainer_selection_deterministic PASSED [  5%]
tests/contracts/test_explainer_selection.py::TestExplainerSelection::test_explainer_registry_priority_order PASSED [  5%]
tests/contracts/test_explainer_selection.py::TestExplainerSelection::test_explainer_selection_returns_string_name PASSED [  5%]
tests/contracts/test_explainer_selection.py::TestExplainerSelection::test_mock_model_without_get_model_info PASSED [  6%]
tests/contracts/test_explainer_selection.py::TestExplainerSelection::test_pipeline_explainer_selection_integration PASSED [  6%]
tests/contracts/test_explainer_selection.py::TestExplainerSelection::test_registry_knows_common_aliases PASSED [  6%]
tests/contracts/test_feature_drift.py::TestFeatureDriftContract::test_renamed_same_width_positional_mapping PASSED [  6%]
tests/contracts/test_feature_drift.py::TestFeatureDriftContract::test_missing_columns_filled_with_zero PASSED [  6%]
tests/contracts/test_feature_drift.py::TestFeatureDriftContract::test_extra_columns_dropped PASSED [  6%]
tests/contracts/test_feature_drift.py::TestFeatureDriftContract::test_exact_match_unchanged PASSED [  6%]
tests/contracts/test_feature_drift.py::TestFeatureDriftContract::test_non_dataframe_pass_through PASSED [  6%]
tests/contracts/test_feature_drift.py::TestFeatureDriftContract::test_no_feature_names_pass_through PASSED [  6%]
tests/contracts/test_feature_drift.py::TestFeatureDriftContract::test_wrapper_predict_no_sklearn_error PASSED [  6%]
tests/contracts/test_feature_drift.py::TestFeatureDriftContract::test_all_wrappers_handle_feature_drift[LogisticRegressionWrapper] PASSED [  7%]
tests/contracts/test_fitted_state_guards.py::TestFittedStateGuards::test_xgboost_wrapper_unfitted_guards PASSED [  7%]
tests/contracts/test_fitted_state_guards.py::TestFittedStateGuards::test_lightgbm_wrapper_unfitted_guards PASSED [  7%]
tests/contracts/test_fitted_state_guards.py::TestFittedStateGuards::test_sklearn_wrapper_unfitted_guards PASSED [  7%]
tests/contracts/test_fitted_state_guards.py::TestFittedStateGuards::test_fitted_state_after_fit PASSED [  7%]
tests/contracts/test_fitted_state_guards.py::TestFittedStateGuards::test_fitted_state_after_load PASSED [  7%]
tests/contracts/test_fitted_state_guards.py::TestFittedStateGuards::test_exact_error_message_consistency PASSED [  7%]
tests/contracts/test_fitted_state_guards.py::TestFittedStateGuards::test_guards_decorator_functionality PASSED [  7%]
tests/contracts/test_fitted_state_guards.py::TestFittedStateGuards::test_method_signatures_preserved_by_decorator PASSED [  7%]
tests/contracts/test_logger_contract.py::TestLoggerContract::test_pipeline_init_single_arg_logging PASSED [  7%]
tests/contracts/test_logger_contract.py::TestLoggerContract::test_pipeline_init_different_profiles[tabular_compliance] PASSED [  8%]
tests/contracts/test_logger_contract.py::TestLoggerContract::test_pipeline_init_different_profiles[llm_safety] PASSED [  8%]
tests/contracts/test_logger_contract.py::TestLoggerContract::test_pipeline_init_different_profiles[custom_profile] PASSED [  8%]
tests/contracts/test_logger_contract.py::TestLoggerContract::test_no_printf_style_logging_in_logging_utils PASSED [  8%]
tests/contracts/test_logger_exact.py::test_pipeline_init_logger_exact_contract PASSED [  8%]
tests/contracts/test_logger_exact.py::test_logger_contract_with_different_profiles PASSED [  8%]
tests/contracts/test_logging_ast.py::test_no_printf_style_logging_in_codebase PASSED [  8%]
tests/contracts/test_logging_ast.py::test_logging_utils_compliance PASSED [  8%]
tests/contracts/test_logging_ast.py::test_pipeline_audit_compliance PASSED [  8%]
tests/contracts/test_logging_ast.py::test_ast_visitor_catches_violations PASSED [  8%]
tests/contracts/test_logging_ast.py::test_ast_visitor_allows_single_arg PASSED [  9%]
tests/contracts/test_metrics_normalization.py::TestMetricsNormalization::test_float_metrics_normalized_for_templates PASSED [  9%]
tests/contracts/test_metrics_normalization.py::TestMetricsNormalization::test_dict_metrics_preserved PASSED [  9%]
tests/contracts/test_metrics_normalization.py::TestMetricsNormalization::test_empty_metrics_handled PASSED [  9%]
tests/contracts/test_metrics_normalization.py::TestMetricsNormalization::test_html_renderer_uses_normalized_metrics PASSED [  9%]
tests/contracts/test_metrics_normalization.py::TestMetricsNormalization::test_template_rendering_with_float_metrics PASSED [  9%]
tests/contracts/test_metrics_normalization.py::TestMetricsNormalization::test_various_numeric_types_normalized[0.0] PASSED [  9%]
tests/contracts/test_metrics_normalization.py::TestMetricsNormalization::test_various_numeric_types_normalized[1.0] PASSED [  9%]
tests/contracts/test_metrics_normalization.py::TestMetricsNormalization::test_various_numeric_types_normalized[0.5] PASSED [  9%]
tests/contracts/test_metrics_normalization.py::TestMetricsNormalization::test_various_numeric_types_normalized[42] PASSED [  9%]
tests/contracts/test_metrics_normalization.py::TestMetricsNormalization::test_various_numeric_types_normalized[-0.1] PASSED [ 10%]
tests/contracts/test_metrics_normalization.py::TestMetricsNormalization::test_various_numeric_types_normalized[3.14159] PASSED [ 10%]
tests/contracts/test_save_load_roundtrip.py::TestSaveLoadRoundtrip::test_xgboost_wrapper_roundtrip PASSED [ 10%]
tests/contracts/test_save_load_roundtrip.py::TestSaveLoadRoundtrip::test_sklearn_wrapper_roundtrip PASSED [ 10%]
tests/contracts/test_save_load_roundtrip.py::TestSaveLoadRoundtrip::test_lightgbm_wrapper_roundtrip PASSED [ 10%]
tests/contracts/test_save_load_roundtrip.py::TestSaveLoadRoundtrip::test_wrapper_load_returns_self PASSED [ 10%]
tests/contracts/test_save_load_roundtrip.py::TestSaveLoadRoundtrip::test_save_creates_parent_directories PASSED [ 10%]
tests/contracts/test_save_load_roundtrip.py::TestSaveLoadRoundtrip::test_load_nonexistent_file_raises_error PASSED [ 10%]
tests/contracts/test_save_load_roundtrip.py::TestSaveLoadRoundtrip::test_empty_wrapper_states[LogisticRegressionWrapper] PASSED [ 10%]
tests/contracts/test_wheel_packaging.py::TestWheelPackaging::test_templates_packaged_in_wheel PASSED [ 10%]
tests/contracts/test_wheel_packaging.py::TestWheelPackaging::test_template_loading_via_importlib_resources PASSED [ 11%]
tests/contracts/test_wheel_packaging.py::TestWheelPackaging::test_templates_package_has_init PASSED [ 11%]
tests/contracts/test_wheel_packaging.py::TestWheelPackaging::test_clean_dist_directory_in_ci SKIPPED [ 11%]
tests/integration/test_preprocessing_e2e.py::TestPreprocessingIntegration::test_german_credit_audit_with_artifact PASSED [ 11%]
tests/integration/test_preprocessing_e2e.py::TestPreprocessingIntegration::test_auto_mode_warning_in_report PASSED [ 11%]
tests/integration/test_preprocessing_e2e.py::TestPreprocessingIntegration::test_unknown_category_detection SKIPPED [ 11%]
tests/integration/test_preprocessing_e2e.py::TestPreprocessingIntegration::test_hash_mismatch_fails_in_strict_mode PASSED [ 11%]
tests/integration/test_preprocessing_e2e.py::TestPreprocessingIntegration::test_preprocessing_manifest_in_audit_manifest PASSED [ 11%]
tests/integration/test_preprocessing_e2e.py::TestPreprocessingCLIIntegration::test_cli_commands_work_with_real_artifact PASSED [ 11%]
tests/integration/test_preprocessing_e2e.py::TestPreprocessingPerformance::test_preprocessing_overhead_is_minimal PASSED [ 11%]
tests/preprocessing/test_loader.py::test_hashes_present_and_stable PASSED [ 12%]
tests/preprocessing/test_loader.py::test_missing_artifact_is_actionable_error PASSED [ 12%]
tests/preprocessing/test_loader.py::test_corrupted_artifact_is_actionable_error PASSED [ 12%]
tests/preprocessing/test_manifest.py::test_encoder_settings_exposed PASSED [ 12%]
tests/preprocessing/test_manifest.py::test_unknown_category_rates_reported PASSED [ 12%]
tests/preprocessing/test_manifest.py::test_manifest_canonicalization_matches_golden PASSED [ 12%]
tests/preprocessing/test_strict_mode.py::test_strict_mode_fails_on_version_mismatch PASSED [ 12%]
tests/preprocessing/test_strict_mode.py::test_strict_profile_blocks_auto_mode PASSED [ 12%]
tests/preprocessing/test_strict_mode.py::test_strict_mode_requires_hashes PASSED [ 12%]
tests/preprocessing/test_validation.py::test_rejects_unknown_transformer_class PASSED [ 12%]
tests/preprocessing/test_validation.py::test_sparse_flag_detected_and_enforced PASSED [ 13%]
tests/preprocessing/test_validation.py::test_feature_count_and_names_match_model PASSED [ 13%]
tests/test_audit_smoke.py::test_audit_german_credit_simple_works PASSED  [ 13%]
tests/test_audit_smoke.py::test_audit_stderr_no_explainer_errors PASSED  [ 13%]
tests/test_audit_smoke.py::test_quickstart_audit_works PASSED            [ 13%]
tests/test_cache_dirs.py::TestGetDataRoot::test_env_override_uses_realpath PASSED [ 13%]
tests/test_cache_dirs.py::TestGetDataRoot::test_windows_defaults_use_realpath PASSED [ 13%]
tests/test_cache_dirs.py::TestGetDataRoot::test_linux_defaults_use_realpath PASSED [ 13%]
tests/test_cache_dirs.py::TestGetDataRoot::test_env_override_canonicalize PASSED [ 13%]
tests/test_cache_dirs.py::TestGetDataRoot::test_cache_directory_creation_canonical PASSED [ 13%]
tests/test_cache_dirs.py::TestGetDataRoot::test_cache_directory_permission_error_canonical PASSED [ 14%]
tests/test_cache_dirs.py::TestGetCachePath::test_cache_path_construction_canonical PASSED [ 14%]
tests/test_cache_dirs.py::TestGetCachePath::test_cache_path_different_dataset_canonical PASSED [ 14%]
tests/test_cache_dirs.py::TestEnsureDirWritable::test_ensure_dir_writable_creates_directory PASSED [ 14%]
tests/test_cache_dirs.py::TestEnsureDirWritable::test_ensure_dir_writable_with_existing_directory PASSED [ 14%]
tests/test_cache_dirs.py::TestEnsureDirWritable::test_ensure_dir_writable_creates_parent_directories PASSED [ 14%]
tests/test_cache_dirs.py::TestEnsureDirWritable::test_ensure_dir_writable_tests_writability PASSED [ 14%]
tests/test_cache_dirs.py::TestEnsureDirWritable::test_ensure_dir_writable_permission_error PASSED [ 14%]
tests/test_calibration_shapes_and_brier.py::test_maybe_calibrate_with_isotonic PASSED [ 14%]
tests/test_calibration_shapes_and_brier.py::test_maybe_calibrate_with_sigmoid PASSED [ 14%]
tests/test_calibration_shapes_and_brier.py::test_maybe_calibrate_no_method PASSED [ 15%]
tests/test_calibration_shapes_and_brier.py::test_maybe_calibrate_invalid_method PASSED [ 15%]
tests/test_calibration_shapes_and_brier.py::test_calibration_improves_brier_score PASSED [ 15%]
tests/test_calibration_shapes_and_brier.py::test_validate_calibration_config PASSED [ 15%]
tests/test_calibration_shapes_and_brier.py::test_get_calibration_info PASSED [ 15%]
tests/test_calibration_shapes_and_brier.py::test_assess_calibration_quality PASSED [ 15%]
tests/test_calibration_shapes_and_brier.py::test_recommend_calibration_method PASSED [ 15%]
tests/test_calibration_shapes_and_brier.py::test_multiclass_calibration PASSED [ 15%]
tests/test_ci_regression_guards.py::TestArchitecturalGuards::test_no_direct_estimator_fit_in_pipeline PASSED [ 15%]
tests/test_ci_regression_guards.py::TestArchitecturalGuards::test_no_vendor_imports_in_pipeline PASSED [ 15%]
tests/test_ci_regression_guards.py::TestArchitecturalGuards::test_multiclass_metrics_never_use_binary_average PASSED [ 16%]
tests/test_ci_regression_guards.py::TestArchitecturalGuards::test_security_features_always_enabled PASSED [ 16%]
tests/test_ci_regression_guards.py::TestArchitecturalGuards::test_deterministic_reproduction_comprehensive PASSED [ 16%]
tests/test_ci_regression_guards.py::TestArchitecturalGuards::test_provenance_captures_essential_info PASSED [ 16%]
tests/test_ci_regression_guards.py::TestFeatureRegressionGuards::test_calibration_preserves_probability_shapes PASSED [ 16%]
tests/test_ci_regression_guards.py::TestFeatureRegressionGuards::test_threshold_policies_return_valid_thresholds PASSED [ 16%]
tests/test_ci_regression_guards.py::TestFeatureRegressionGuards::test_security_path_validation_blocks_attacks PASSED [ 16%]
tests/test_ci_regression_guards.py::TestFeatureRegressionGuards::test_yaml_security_blocks_dangerous_content PASSED [ 16%]
tests/test_ci_regression_guards.py::TestFeatureRegressionGuards::test_log_sanitization_removes_secrets PASSED [ 16%]
tests/test_ci_regression_guards.py::TestCIEnvironmentGuards::test_no_hardcoded_paths_in_configs PASSED [ 16%]
tests/test_ci_regression_guards.py::TestCIEnvironmentGuards::test_all_imports_available PASSED [ 17%]
tests/test_ci_regression_guards.py::TestCIEnvironmentGuards::test_no_network_calls_in_core_modules PASSED [ 17%]
tests/test_ci_regression_guards.py::TestCIEnvironmentGuards::test_ci_environment_has_required_tools SKIPPED [ 17%]
tests/test_ci_regression_guards.py::TestPerformanceRegressionGuards::test_metrics_computation_performance PASSED [ 17%]
tests/test_ci_regression_guards.py::TestPerformanceRegressionGuards::test_security_validation_performance PASSED [ 17%]
tests/test_cli_basic.py::test_cli_app_loads PASSED                       [ 17%]
tests/test_cli_basic.py::test_version_command PASSED                     [ 17%]
tests/test_cli_basic.py::test_audit_command_missing_config PASSED        [ 17%]
tests/test_cli_basic.py::test_audit_command_with_temp_config PASSED      [ 17%]
tests/test_cli_basic.py::test_strict_mode_flag PASSED                    [ 17%]
tests/test_cli_basic.py::test_pdf_guard_without_pdf_backend_exits_cleanly PASSED [ 18%]
tests/test_cli_basic.py::test_environment_aware_quickstart_adaptation PASSED [ 18%]
tests/test_cli_performance.py::TestCLIPerformance::test_help_command_fast PASSED [ 18%]
tests/test_cli_performance.py::TestCLIPerformance::test_version_command_instant PASSED [ 18%]
tests/test_cli_performance.py::TestCLIPerformance::test_datasets_list_fast PASSED [ 18%]
tests/test_cli_performance.py::TestCLIPerformance::test_import_time_reasonable PASSED [ 18%]
tests/test_cli_performance.py::TestCLIPerformance::test_audit_completes_in_reasonable_time PASSED [ 18%]
tests/test_cli_performance.py::TestImportCleanness::test_no_heavy_imports_in_init PASSED [ 18%]
tests/test_cli_performance.py::TestImportCleanness::test_cli_help_does_not_import_ml_libraries PASSED [ 18%]
tests/test_concurrency_fetch.py::TestConcurrencyFetch::test_concurrent_fetch_same_dataset PASSED [ 18%]
tests/test_concurrency_fetch.py::TestConcurrencyFetch::test_file_lock_timeout PASSED [ 19%]
tests/test_concurrency_fetch.py::TestConcurrencyFetch::test_file_lock_context_manager PASSED [ 19%]
tests/test_concurrency_fetch.py::TestConcurrencyFetch::test_file_lock_multiple_acquisitions PASSED [ 19%]
tests/test_concurrency_fetch.py::TestConcurrencyFetch::test_lock_path_generation PASSED [ 19%]
tests/test_config_flexibility.py::test_unknown_keys_in_report_section_logged PASSED [ 19%]
tests/test_config_flexibility.py::test_deprecated_options_warning PASSED [ 19%]
tests/test_config_flexibility.py::test_security_warnings_for_user_paths PASSED [ 19%]
tests/test_config_flexibility.py::test_config_completeness_validation PASSED [ 19%]
tests/test_config_flexibility.py::test_config_improvement_suggestions PASSED [ 19%]
tests/test_config_flexibility.py::test_strict_mode_suppresses_suggestions PASSED [ 19%]
tests/test_config_flexibility.py::test_non_strict_mode_shows_suggestions PASSED [ 20%]
tests/test_config_flexibility.py::test_warn_unknown_keys_utility PASSED  [ 20%]
tests/test_config_flexibility.py::test_no_warnings_for_valid_config PASSED [ 20%]
tests/test_config_flexibility.py::test_config_flexibility_integration PASSED [ 20%]
tests/test_config_loading.py::test_load_yaml_valid PASSED                [ 20%]
tests/test_config_loading.py::test_load_yaml_file_not_found PASSED       [ 20%]
tests/test_config_loading.py::test_model_config_validation PASSED        [ 20%]
tests/test_config_loading.py::test_data_config_validation PASSED         [ 20%]
tests/test_config_loading.py::test_explainer_config_validation PASSED    [ 20%]
tests/test_config_loading.py::test_audit_config_full PASSED              [ 20%]
tests/test_config_loading.py::test_load_config_from_file PASSED          [ 21%]
tests/test_config_loading.py::test_config_validation_basic PASSED        [ 21%]
tests/test_config_loading.py::test_config_with_missing_required_fields PASSED [ 21%]
tests/test_config_loading.py::test_config_extra_fields_forbidden PASSED  [ 21%]
tests/test_config_schema_deprecation.py::test_data_schema_field_works PASSED [ 21%]
tests/test_config_schema_deprecation.py::test_no_schema_field_exists PASSED [ 21%]
tests/test_config_schema_deprecation.py::test_data_schema_field_none_by_default PASSED [ 21%]
tests/test_config_schema_deprecation.py::test_data_schema_field_not_deprecated PASSED [ 21%]
tests/test_config_schema_deprecation.py::test_no_field_shadowing_warning PASSED [ 21%]
tests/test_config_schema_deprecation.py::test_complex_schema_structures PASSED [ 21%]
tests/test_config_schema_deprecation.py::test_other_fields_preserved PASSED [ 22%]
tests/test_config_schema_deprecation.py::test_model_dump_includes_data_schema PASSED [ 22%]
tests/test_config_schema_deprecation.py::test_json_schema_structure PASSED [ 22%]
tests/test_config_schema_deprecation.py::test_strict_mode_validation_works PASSED [ 22%]
tests/test_config_validation.py::test_config_file_validates[credit_card_fraud.yaml] PASSED [ 22%]
tests/test_config_validation.py::test_config_file_validates[test_calibration.yaml] PASSED [ 22%]
tests/test_config_validation.py::test_config_file_validates[gdpr_compliance.yaml] PASSED [ 22%]
tests/test_config_validation.py::test_config_file_validates[insurance_risk_assessment.yaml] PASSED [ 22%]
tests/test_config_validation.py::test_config_file_validates[custom_template.yaml] PASSED [ 22%]
tests/test_config_validation.py::test_config_file_validates[customer_segmentation.yaml] PASSED [ 22%]
tests/test_config_validation.py::test_config_file_validates[test_threshold_policies.yaml] PASSED [ 23%]
tests/test_config_validation.py::test_config_file_validates[ccpa_compliance.yaml] PASSED [ 23%]
tests/test_config_validation.py::test_config_file_validates[compas_recidivism.yaml] PASSED [ 23%]
tests/test_config_validation.py::test_config_file_validates[german_credit_simple.yaml] PASSED [ 23%]
tests/test_config_validation.py::test_config_file_validates[adult_income_simple.yaml] PASSED [ 23%]
tests/test_config_validation.py::test_config_file_validates[adult_income.yaml] PASSED [ 23%]
tests/test_config_validation.py::test_config_file_validates[fraud_detection.yaml] PASSED [ 23%]
tests/test_config_validation.py::test_config_file_validates[example_audit.yaml] PASSED [ 23%]
tests/test_config_validation.py::test_config_file_validates[quickstart.yaml] PASSED [ 23%]
tests/test_config_validation.py::test_config_file_validates[healthcare_outcomes.yaml] PASSED [ 23%]
tests/test_config_validation.py::test_config_file_validates[folktables_income.yaml] PASSED [ 24%]
tests/test_config_validation.py::test_config_file_validates[german_credit.yaml] PASSED [ 24%]
tests/test_config_validation.py::test_all_configs_found PASSED           [ 24%]
tests/test_config_validation.py::test_specific_config_examples_exist PASSED [ 24%]
tests/test_config_validation.py::test_quickstart_config_works PASSED     [ 24%]
tests/test_constants_contract.py::test_exact_contract_strings PASSED     [ 24%]
tests/test_constants_contract.py::test_wheel_template_resources_available PASSED [ 24%]
tests/test_constants_contract.py::test_constants_module_exports PASSED   [ 24%]
tests/test_constants_contract.py::test_backward_compatible_aliases PASSED [ 24%]
tests/test_constants_contract.py::test_import_contract_critical_modules PASSED [ 24%]
tests/test_contract_constants.py::test_primary_constants_exist_and_values PASSED [ 25%]
tests/test_contract_constants.py::test_backward_compatible_aliases PASSED [ 25%]
tests/test_contract_constants.py::test_constants_are_strings PASSED      [ 25%]
tests/test_contract_constants.py::test_constants_not_empty PASSED        [ 25%]
tests/test_contract_constants.py::test_log_message_template_format PASSED [ 25%]
tests/test_contract_constants.py::test_constants_importable_from_module PASSED [ 25%]
tests/test_core_foundation.py::test_interfaces_are_protocols PASSED      [ 25%]
tests/test_core_foundation.py::test_passthrough_model_works PASSED       [ 25%]
tests/test_core_foundation.py::test_noop_explainer_works PASSED          [ 25%]
tests/test_core_foundation.py::test_noop_metric_works PASSED             [ 25%]
tests/test_core_foundation.py::test_registry_registration PASSED         [ 26%]
tests/test_core_foundation.py::test_deterministic_explainer_selection PASSED [ 26%]
tests/test_core_foundation.py::test_list_components PASSED               [ 26%]
tests/test_core_foundation.py::test_enterprise_feature_flag PASSED       [ 26%]
tests/test_core_foundation.py::test_feature_gating_decorator PASSED      [ 26%]
tests/test_core_foundation.py::test_registry_priority_selection PASSED   [ 26%]
tests/test_core_foundation.py::test_enterprise_component_filtering PASSED [ 26%]
tests/test_critical_regression_guards.py::TestCriticalRegressions::test_multiclass_metrics_auto_detection PASSED [ 26%]
tests/test_critical_regression_guards.py::TestCriticalRegressions::test_security_defaults_are_secure PASSED [ 26%]
tests/test_critical_regression_guards.py::TestCriticalRegressions::test_deterministic_reproduction_controls_randomness PASSED [ 26%]
tests/test_critical_regression_guards.py::TestCriticalRegressions::test_log_sanitization_removes_critical_secrets PASSED [ 27%]
tests/test_critical_regression_guards.py::TestCriticalRegressions::test_path_validation_blocks_directory_traversal PASSED [ 27%]
tests/test_critical_regression_guards.py::TestCriticalRegressions::test_yaml_security_prevents_resource_exhaustion PASSED [ 27%]
tests/test_critical_regression_guards.py::TestCriticalRegressions::test_performance_no_major_regressions PASSED [ 27%]
tests/test_critical_regression_guards.py::TestArchitecturalConstraints::test_no_hardcoded_paths_in_example_configs PASSED [ 27%]
tests/test_critical_regression_guards.py::TestArchitecturalConstraints::test_all_critical_imports_available PASSED [ 27%]
tests/test_data_gen_utils.py::test_safe_categorical_select PASSED        [ 27%]
tests/test_data_gen_utils.py::test_safe_categorical_select_with_mixed_types PASSED [ 27%]
tests/test_data_gen_utils.py::test_safe_numeric_binning PASSED           [ 27%]
tests/test_data_gen_utils.py::test_safe_numeric_binning_with_nans PASSED [ 27%]
tests/test_data_gen_utils.py::test_generate_correlated_features PASSED   [ 28%]
tests/test_data_gen_utils.py::test_generate_correlated_features_with_correlation PASSED [ 28%]
tests/test_data_gen_utils.py::test_assert_dataset_health_passes PASSED   [ 28%]
tests/test_data_gen_utils.py::test_assert_dataset_health_missing_columns PASSED [ 28%]
tests/test_data_gen_utils.py::test_assert_dataset_health_null_values PASSED [ 28%]
tests/test_data_gen_utils.py::test_assert_dataset_health_class_imbalance PASSED [ 28%]
tests/test_data_gen_utils.py::test_assert_dataset_health_constant_features PASSED [ 28%]
tests/test_data_gen_utils.py::test_validate_feature_correlations PASSED  [ 28%]
tests/test_data_gen_utils.py::test_validate_feature_correlations_passes PASSED [ 28%]
tests/test_data_gen_utils.py::test_generate_realistic_ids PASSED         [ 28%]
tests/test_data_gen_utils.py::test_generate_realistic_ids_too_many PASSED [ 29%]
tests/test_data_gen_utils.py::test_add_realistic_noise PASSED            [ 29%]
tests/test_data_gen_utils.py::test_data_generation_integration PASSED    [ 29%]
tests/test_data_loading.py::TestDataSchema::test_data_schema_initialization PASSED [ 29%]
tests/test_data_loading.py::TestDataSchema::test_data_schema_minimal PASSED [ 29%]
tests/test_data_loading.py::TestTabularDataSchema::test_tabular_schema_initialization PASSED [ 29%]
tests/test_data_loading.py::TestTabularDataSchema::test_tabular_schema_target_in_features_validation PASSED [ 29%]
tests/test_data_loading.py::TestTabularDataSchema::test_tabular_schema_sensitive_features_warning PASSED [ 29%]
tests/test_data_loading.py::TestTabularDataSchema::test_tabular_schema_empty_features_validation PASSED [ 29%]
tests/test_data_loading.py::TestTabularDataLoader::test_tabular_loader_initialization PASSED [ 29%]
tests/test_data_loading.py::TestTabularDataLoader::test_load_csv_basic PASSED [ 30%]
tests/test_data_loading.py::TestTabularDataLoader::test_load_with_schema_validation PASSED [ 30%]
tests/test_data_loading.py::TestTabularDataLoader::test_load_nonexistent_file PASSED [ 30%]
tests/test_data_loading.py::TestTabularDataLoader::test_validate_schema_success PASSED [ 30%]
tests/test_data_loading.py::TestTabularDataLoader::test_validate_schema_missing_columns PASSED [ 30%]
tests/test_data_loading.py::TestTabularDataLoader::test_validate_schema_missing_target PASSED [ 30%]
tests/test_data_loading.py::TestTabularDataLoader::test_auto_infer_schema PASSED [ 30%]
tests/test_data_loading.py::TestTabularDataLoader::test_infer_schema_missing_target PASSED [ 30%]
tests/test_data_loading.py::TestTabularDataLoader::test_extract_protected_attributes PASSED [ 30%]
tests/test_data_loading.py::TestTabularDataLoader::test_extract_protected_attributes_no_sensitive PASSED [ 30%]
tests/test_data_loading.py::TestTabularDataLoader::test_compute_hash PASSED [ 31%]
tests/test_data_loading.py::TestTabularDataLoader::test_compute_hash_different_data PASSED [ 31%]
tests/test_data_loading.py::TestTabularDataLoader::test_compute_hash_column_order_insensitive PASSED [ 31%]
tests/test_data_loading.py::TestTabularDataLoaderAdvanced::test_load_larger_dataset PASSED [ 31%]
tests/test_data_loading.py::TestTabularDataLoaderAdvanced::test_comprehensive_schema_validation PASSED [ 31%]
tests/test_data_loading.py::TestTabularDataLoaderAdvanced::test_data_preprocessing_basic PASSED [ 31%]
tests/test_data_loading.py::TestTabularDataLoaderAdvanced::test_train_test_split_basic PASSED [ 31%]
tests/test_data_loading.py::TestTabularDataLoaderAdvanced::test_train_test_split_stratified PASSED [ 31%]
tests/test_data_loading.py::TestTabularDataLoaderErrorHandling::test_empty_dataframe PASSED [ 31%]
tests/test_data_loading.py::TestTabularDataLoaderErrorHandling::test_malformed_csv PASSED [ 31%]
tests/test_data_loading.py::TestTabularDataLoaderErrorHandling::test_schema_with_duplicate_columns PASSED [ 32%]
tests/test_data_loading.py::TestTabularDataLoaderErrorHandling::test_very_large_column_names PASSED [ 32%]
tests/test_data_loading.py::TestTabularDataLoaderFileFormats::test_csv_with_different_separators SKIPPED [ 32%]
tests/test_data_loading.py::TestTabularDataLoaderFileFormats::test_csv_with_missing_values SKIPPED [ 32%]
tests/test_data_loading.py::TestTabularDataLoaderFileFormats::test_parquet_loading SKIPPED [ 32%]
tests/test_data_loading.py::TestTabularDataLoaderIntegration::test_full_workflow PASSED [ 32%]
tests/test_data_loading.py::TestTabularDataLoaderIntegration::test_reproducible_processing PASSED [ 32%]
tests/test_decorator_registry.py::test_decorator_friendly_registry_direct_registration PASSED [ 32%]
tests/test_decorator_registry.py::test_decorator_friendly_registry_decorator_without_args PASSED [ 32%]
tests/test_decorator_registry.py::test_decorator_friendly_registry_decorator_with_args PASSED [ 32%]
tests/test_decorator_registry.py::test_decorator_friendly_registry_priority_sorting PASSED [ 33%]
tests/test_decorator_registry.py::test_decorator_friendly_registry_metadata_storage PASSED [ 33%]
tests/test_decorator_registry.py::test_decorator_friendly_registry_plugin_spec_integration PASSED [ 33%]
tests/test_deprecation_path_only.py::TestDatasetPolicy::test_path_only_config_validation PASSED [ 33%]
tests/test_deprecation_path_only.py::TestDatasetPolicy::test_path_with_registry_dataset_fails PASSED [ 33%]
tests/test_deprecation_path_only.py::TestDatasetPolicy::test_dataset_only_no_warning PASSED [ 33%]
tests/test_deprecation_path_only.py::TestDatasetPolicy::test_custom_dataset_with_path_works PASSED [ 33%]
tests/test_deprecation_path_only.py::TestDatasetPolicy::test_custom_dataset_without_path_fails PASSED [ 33%]
tests/test_deprecation_path_only.py::TestDatasetPolicy::test_config_loader_path_only_error PASSED [ 33%]
tests/test_deterministic_selection.py::TestDeterministicSelection::test_explainer_selection_is_deterministic PASSED [ 33%]
tests/test_deterministic_selection.py::TestDeterministicSelection::test_priority_order_respected PASSED [ 34%]
tests/test_deterministic_selection.py::TestDeterministicSelection::test_fallback_to_noop PASSED [ 34%]
tests/test_deterministic_selection.py::TestDeterministicSelection::test_selection_with_model_compatibility PASSED [ 34%]
tests/test_deterministic_selection.py::TestDeterministicSelection::test_empty_priority_list PASSED [ 34%]
tests/test_deterministic_selection.py::TestDeterministicSelection::test_selection_hash_consistency PASSED [ 34%]
tests/test_deterministic_selection.py::TestDeterministicSelection::test_registry_list_is_deterministic PASSED [ 34%]
tests/test_deterministic_selection.py::TestDeterministicSelection::test_selection_with_missing_registry_entry PASSED [ 34%]
tests/test_deterministic_selection.py::TestDeterministicSelection::test_concurrent_selection_determinism PASSED [ 34%]
tests/test_deterministic_selection.py::TestMetricSelection::test_metric_registry_determinism PASSED [ 34%]
tests/test_deterministic_selection.py::TestMetricSelection::test_model_registry_determinism PASSED [ 34%]
tests/test_end_to_end.py::TestEndToEndWorkflow::test_basic_end_to_end_audit PASSED [ 35%]
tests/test_end_to_end.py::TestEndToEndWorkflow::test_reproducibility_determinism PASSED [ 35%]
tests/test_end_to_end.py::TestEndToEndWorkflow::test_pdf_generation_and_content PASSED [ 35%]
tests/test_end_to_end.py::TestEndToEndWorkflow::test_multiple_model_types PASSED [ 35%]
tests/test_end_to_end.py::TestEndToEndWorkflow::test_performance_requirements PASSED [ 35%]
tests/test_end_to_end.py::TestEndToEndWorkflow::test_configuration_variations PASSED [ 35%]
tests/test_end_to_end.py::TestEndToEndWorkflow::test_error_handling_scenarios PASSED [ 35%]
tests/test_end_to_end.py::TestEndToEndWorkflow::test_manifest_generation_and_content PASSED [ 35%]
tests/test_end_to_end.py::TestEndToEndWorkflow::test_data_integrity_and_hashing PASSED [ 35%]
tests/test_end_to_end.py::TestCLIEndToEnd::test_cli_audit_command_success PASSED [ 35%]
tests/test_end_to_end.py::TestCLIEndToEnd::test_cli_validation_command PASSED [ 36%]
tests/test_end_to_end.py::TestCLIEndToEnd::test_cli_component_listing PASSED [ 36%]
tests/test_end_to_end.py::TestCLIEndToEnd::test_cli_error_handling PASSED [ 36%]
tests/test_end_to_end.py::TestScalabilityAndLimits::test_small_dataset_handling PASSED [ 36%]
tests/test_end_to_end.py::TestScalabilityAndLimits::test_feature_scaling_behavior PASSED [ 36%]
tests/test_enterprise_gating.py::TestFeatureFlags::test_is_enterprise_without_license PASSED [ 36%]
tests/test_enterprise_gating.py::TestFeatureFlags::test_is_enterprise_with_license PASSED [ 36%]
tests/test_enterprise_gating.py::TestFeatureFlags::test_is_enterprise_with_empty_license PASSED [ 36%]
tests/test_enterprise_gating.py::TestFeatureFlags::test_check_feature_decorator_blocks_without_license PASSED [ 36%]
tests/test_enterprise_gating.py::TestFeatureFlags::test_check_feature_decorator_allows_with_license PASSED [ 36%]
tests/test_enterprise_gating.py::TestFeatureFlags::test_check_feature_with_custom_message PASSED [ 37%]
tests/test_enterprise_gating.py::TestFeatureFlags::test_nested_enterprise_functions PASSED [ 37%]
tests/test_enterprise_gating.py::TestEnterpriseComponentFiltering::test_enterprise_component_registration PASSED [ 37%]
tests/test_enterprise_gating.py::TestEnterpriseComponentFiltering::test_enterprise_component_selection_without_license PASSED [ 37%]
tests/test_enterprise_gating.py::TestEnterpriseComponentFiltering::test_enterprise_component_selection_with_license PASSED [ 37%]
tests/test_enterprise_gating.py::TestEnterpriseComponentFiltering::test_mixed_oss_enterprise_priority PASSED [ 37%]
tests/test_enterprise_gating.py::TestEnterpriseFeatureIsolation::test_enterprise_module_import_gating PASSED [ 37%]
tests/test_enterprise_gating.py::TestEnterpriseFeatureIsolation::test_registry_metadata_for_enterprise PASSED [ 37%]
tests/test_enterprise_gating.py::TestEnterpriseFeatureIsolation::test_license_key_formats PASSED [ 37%]
tests/test_enterprise_gating.py::TestEnterpriseFeatureIsolation::test_enterprise_boundary_in_config PASSED [ 37%]
tests/test_explainer_integration.py::TestTreeSHAPExplainer::test_treeshap_initialization PASSED [ 38%]
tests/test_explainer_integration.py::TestTreeSHAPExplainer::test_treeshap_initialization_with_options PASSED [ 38%]
tests/test_explainer_integration.py::TestTreeSHAPExplainer::test_treeshap_capabilities PASSED [ 38%]
tests/test_explainer_integration.py::TestTreeSHAPExplainer::test_treeshap_model_compatibility_check PASSED [ 38%]
tests/test_explainer_integration.py::TestTreeSHAPExplainer::test_treeshap_explain_method_structure PASSED [ 38%]
tests/test_explainer_integration.py::TestTreeSHAPExplainer::test_treeshap_explain_output_structure PASSED [ 38%]
tests/test_explainer_integration.py::TestTreeSHAPExplainer::test_treeshap_utility_methods PASSED [ 38%]
tests/test_explainer_integration.py::TestTreeSHAPExplainer::test_treeshap_error_handling_unsupported_model PASSED [ 38%]
tests/test_explainer_integration.py::TestKernelSHAPExplainer::test_kernelshap_initialization PASSED [ 38%]
tests/test_explainer_integration.py::TestKernelSHAPExplainer::test_kernelshap_initialization_with_options PASSED [ 38%]
tests/test_explainer_integration.py::TestKernelSHAPExplainer::test_kernelshap_capabilities PASSED [ 39%]
tests/test_explainer_integration.py::TestKernelSHAPExplainer::test_kernelshap_model_compatibility_check PASSED [ 39%]
tests/test_explainer_integration.py::TestKernelSHAPExplainer::test_kernelshap_explain_method_structure PASSED [ 39%]
tests/test_explainer_integration.py::TestKernelSHAPExplainer::test_kernelshap_explain_local PASSED [ 39%]
tests/test_explainer_integration.py::TestKernelSHAPExplainer::test_kernelshap_explain_global_aggregation PASSED [ 39%]
tests/test_explainer_integration.py::TestKernelSHAPExplainer::test_kernelshap_error_handling_no_fit PASSED [ 39%]
tests/test_explainer_integration.py::TestExplainerIntegration::test_explainer_with_model_wrapper_integration PASSED [ 39%]
tests/test_explainer_integration.py::TestExplainerIntegration::test_explainer_feature_name_handling PASSED [ 39%]
tests/test_explainer_integration.py::TestExplainerErrorHandling::test_explainer_with_empty_background_data PASSED [ 39%]
tests/test_explainer_integration.py::TestExplainerErrorHandling::test_explainer_with_mismatched_feature_shapes PASSED [ 39%]
tests/test_explainer_integration.py::TestExplainerErrorHandling::test_explainer_repr_and_info PASSED [ 40%]
tests/test_explainer_integration.py::TestExplainerEdgeCases::test_explainer_with_empty_background_data PASSED [ 40%]
tests/test_explainer_integration.py::TestExplainerEdgeCases::test_explainer_parameter_validation_basic PASSED [ 40%]
tests/test_explainer_registry.py::TestExplainerRegistry::test_shap_explainers_are_registered PASSED [ 40%]
tests/test_explainer_registry.py::TestExplainerRegistry::test_get_shap_explainer_classes PASSED [ 40%]
tests/test_explainer_registry.py::TestExplainerRegistry::test_explainer_priorities PASSED [ 40%]
tests/test_explainer_registry.py::TestExplainerRegistry::test_explainer_registry_decorator_support PASSED [ 40%]
tests/test_explainer_registry.py::TestExplainerRegistry::test_explainer_registry_install_hint PASSED [ 40%]
tests/test_explainer_registry.py::TestExplainerRegistry::test_explainer_registry_availability PASSED [ 40%]
tests/test_explainer_registry.py::TestExplainerRegistry::test_explainer_registry_lazy_import PASSED [ 40%]
tests/test_explainer_registry.py::TestExplainerRegistry::test_explainer_registry_circular_import_fix PASSED [ 41%]
tests/test_explainer_registry.py::TestExplainerCompatibility::test_explainer_selection_by_priority PASSED [ 41%]
tests/test_explainer_registry.py::TestExplainerCompatibility::test_explainer_compatibility_filtering PASSED [ 41%]
tests/test_explainer_registry_contract.py::test_all_explainers_have_correct_is_compatible_signature PASSED [ 41%]
tests/test_explainer_registry_contract.py::test_explainer_is_compatible_with_various_inputs PASSED [ 41%]
tests/test_explainer_registry_contract.py::test_registry_is_compatible_method PASSED [ 41%]
tests/test_explainer_registry_contract.py::test_noop_explainer_always_compatible PASSED [ 41%]
tests/test_explainer_selection_risk.py::TestExplainerSelectionRisk::test_xgboost_selects_treeshap_by_default PASSED [ 41%]
tests/test_explainer_selection_risk.py::TestExplainerSelectionRisk::test_logistic_regression_selects_coef PASSED [ 41%]
tests/test_explainer_selection_risk.py::TestExplainerSelectionRisk::test_lightgbm_priority_selection PASSED [ 41%]
tests/test_explainer_selection_risk.py::TestExplainerSelectionRisk::test_unsupported_model_uses_fallback_logic PASSED [ 42%]
tests/test_explainer_selection_risk.py::TestExplainerSelectionRisk::test_mock_model_object_compatibility PASSED [ 42%]
tests/test_explainer_selection_risk.py::TestExplainerSelectionRisk::test_none_model_info_uses_fallback_logic PASSED [ 42%]
tests/test_explainer_selection_risk.py::TestExplainerSelectionRisk::test_explainer_registry_deterministic_selection PASSED [ 42%]
tests/test_explainer_selection_risk.py::TestExplainerSelectionRisk::test_new_explainer_selection_logic PASSED [ 42%]
tests/test_explainer_selection_risk.py::TestExplainerSelectionRisk::test_explicit_priority_works_when_shap_available PASSED [ 42%]
tests/test_explainer_selection_risk.py::TestExplainerSelectionRisk::test_explicit_priority_fails_with_nonexistent_explainer PASSED [ 42%]
tests/test_explainer_selection_risk.py::TestExplainerSelectionRisk::test_explainer_selection_logging PASSED [ 42%]
tests/test_fairness_tolerance.py::test_demographic_parity_with_numpy PASSED [ 42%]
tests/test_fairness_tolerance.py::test_equal_opportunity_with_numpy PASSED [ 42%]
tests/test_fairness_tolerance.py::test_fairness_runner_with_numpy PASSED [ 43%]
tests/test_fairness_tolerance.py::test_fairness_runner_with_dataframe PASSED [ 43%]
tests/test_fairness_tolerance.py::test_fairness_metrics_length_mismatch PASSED [ 43%]
tests/test_fairness_tolerance.py::test_fairness_metrics_with_edge_cases PASSED [ 43%]
tests/test_feature_alignment.py::test_positional_rename FAILED           [ 43%]

=================================== FAILURES ===================================
____________________________ test_positional_rename ____________________________
tests/test_feature_alignment.py:26: in test_positional_rename
    assert "renamed 3 columns positionally" in captured.out
E   AssertionError: assert 'renamed 3 columns positionally' in ''
E    +  where '' = CaptureResult(out='', err='').out
=============================== warnings summary ===============================
tests/integration/test_preprocessing_e2e.py::TestPreprocessingIntegration::test_auto_mode_warning_in_report
  /Users/gabe/Sites/glassalpha/packages/venv/lib/python3.13/site-packages/sklearn/linear_model/_logistic.py:473: ConvergenceWarning: lbfgs failed to converge after 1000 iteration(s) (status=1):
  STOP: TOTAL NO. OF ITERATIONS REACHED LIMIT
  
  Increase the number of iterations to improve the convergence (max_iter=1000).
  You might also want to scale the data as shown in:
      https://scikit-learn.org/stable/modules/preprocessing.html
  Please also refer to the documentation for alternative solver options:
      https://scikit-learn.org/stable/modules/linear_model.html#logistic-regression
    n_iter_i = _check_optimize_result(

tests/test_end_to_end.py: 21 warnings
tests/test_explainer_integration.py: 1 warning
  /Users/gabe/Sites/glassalpha/packages/venv/lib/python3.13/site-packages/sklearn/utils/validation.py:2749: UserWarning: X does not have valid feature names, but LogisticRegression was fitted with feature names
    warnings.warn(

-- Docs: https://docs.pytest.org/en/stable/how-to/capture-warnings.html
=========================== short test summary info ============================
SKIPPED [1] tests/contracts/test_wheel_packaging.py:110: Dist directory test only relevant in CI
SKIPPED [1] tests/integration/test_preprocessing_e2e.py:167: Requires test data with unknown categories - deferred to edge case tests
SKIPPED [1] tests/test_ci_regression_guards.py:469: Only run in CI environment
SKIPPED [1] tests/test_data_loading.py:481: Parquet engine (pyarrow/fastparquet) not installed
SKIPPED [1] tests/test_data_loading.py:497: Parquet engine (pyarrow/fastparquet) not installed
SKIPPED [1] tests/test_data_loading.py:516: Parquet engine (pyarrow/fastparquet) not installed
FAILED tests/test_feature_alignment.py::test_positional_rename - AssertionErr...
!!!!!!!!!!!!!!!!!!!!!!!!!! stopping after 1 failures !!!!!!!!!!!!!!!!!!!!!!!!!!!
============ 1 failed, 428 passed, 6 skipped, 23 warnings in 28.49s ============
